<?xml version="1.0" encoding="UTF-8"?>
<!-- Generated by org.testng.reporters.JUnitXMLReporter -->
<testsuite ignored="0" hostname="Rucs-MacBook-Pro.local" failures="0" tests="3" name="Default test" time="19.187" errors="0" timestamp="08 Jan 2023 13:09:51 GMT">
  <testcase classname="webdriver.Topic_01_Check_Environment" name="TC_01_ValidateCurrentUrl" time="0.011"/>
  <testcase classname="webdriver.Topic_01_Check_Environment" name="TC_02_ValidatePageTitle" time="0.009"/>
  <testcase classname="webdriver.Topic_01_Check_Environment" name="TC_03_LoginFormDisplayed" time="0.082"/>
</testsuite> <!-- Default test -->
